<?xml version="1.0" encoding="UTF-8"?>
<!-- Generated by org.testng.reporters.JUnitXMLReporter -->
<testsuite hostname="Huy" name="Default test" tests="4" failures="0" timestamp="4 Sep 2013 10:13:43 GMT" time="0.673" errors="0">
  <testcase name="test1" time="0.015" classname="com.sonhuytran.algorithms.searching.test.BinarySearchTest"/>
  <testcase name="test2" time="0.002" classname="com.sonhuytran.algorithms.searching.test.BinarySearchTest"/>
  <testcase name="test3" time="0.003" classname="com.sonhuytran.algorithms.searching.test.BinarySearchTest"/>
  <testcase name="test4" time="0.002" classname="com.sonhuytran.algorithms.searching.test.BinarySearchTest"/>
</testsuite> <!-- Default test -->
