<?xml version="1.0" encoding="UTF-8"?>
<!-- Generated by org.testng.reporters.JUnitReportReporter -->
<testsuite hostname="Huy" name="com.sonhuytran.algorithms.searching.test.LinearSearchTest" tests="4" failures="0" timestamp="3 Sep 2013 15:28:24 GMT" time="0.018" errors="0">
  <testcase name="test4" time="0.001" classname="com.sonhuytran.algorithms.searching.test.LinearSearchTest"/>
  <testcase name="test3" time="0.002" classname="com.sonhuytran.algorithms.searching.test.LinearSearchTest"/>
  <testcase name="test2" time="0.001" classname="com.sonhuytran.algorithms.searching.test.LinearSearchTest"/>
  <testcase name="test1" time="0.014" classname="com.sonhuytran.algorithms.searching.test.LinearSearchTest"/>
</testsuite> <!-- com.sonhuytran.algorithms.searching.test.LinearSearchTest -->
